Microsoft HTML Help Compiler 4.74.8702

Compiling f:\blog\renjihe.CHM

011221198946086.jpg
011221201763171.jpg
011221205665458.jpg
040820004703549.jpg
06144007-80bf9f37172d4f47a624d09013d29b4b.png
06144548-1e93f0d5fde145cd93e0636758f794f5.png
1-20160702131650312-1378132761.jpg
1-20160702131734546-1114060500.jpg
1-20160702131759437-822846547.jpg
1-20160702131831656-122919176.jpg
1-20160702132023218-1737809406.jpg
1-20160702132112640-1517045020.png
128390756.jpg
128390830.jpg
132352310048046.jpg
14.jpg
2012020111514019.png
2012020111560158.png
2014121473843545.jpg
2015_05_04_01.jpg
2015_05_08_03.jpg
2015_05_08_04.jpg
2015_05_24_01.jpg
2015_10_18_01.jpg
20160519201649725.jpg
20160715101657127.jpg
2934349b033b5bb520db73f431d3d539b600bca8-3.jpg
49c90789e2b059551f83d43882ea919c-1.png
49fb9f76f450fb3aa0412dfddbaf5ccf-1.png
640.jpg!heading.jpg
640-1.jpg!heading.jpg
640-wx_fmt=jpeg&tp=webp&wxfrom=5.jpg
640-wx_fmt=jpeg&tp=webp&wxfrom=5-1.jpg
640-wx_fmt=jpeg&tp=webp&wxfrom=5-2.jpg
640-wx_fmt=jpeg&tp=webp&wxfrom=5-3.jpg
640-wx_fmt=jpeg&tp=webp&wxfrom=5-5.jpg
640-wx_fmt=jpeg&tp=webp&wxfrom=5-6.jpg
66372-20160303223801174-1068327928.jpg
66372-20160823155128808-1878278572.jpg
66372-20160823155128823-1299585670.jpg
66372-20160823155128823-379154873.jpg
66372-20160823155128980-599171888.jpg
66372-20160823155129089-1744828683.jpg
66372-20160823155129089-871118832.jpg
66372-20160823155129526-1388394267.gif
66372-20160823155129558-1208630019.gif
66372-20160823155129636-1576093341.jpg
66372-20160823155129667-678361799.jpg
66372-20160823155129683-892900790.jpg
66372-20160823155130183-329073499.jpg
66372-20160823155130198-1998968504.gif
697b070fjw1dvpdvfz24hj.jpg
697b070fjw1dvpdvu65zij.jpg
7178f37ejw1emyk4vz60oj20930793z3.jpg
7178f37ejw1emyk4wbz4bj206i06lt9b.jpg
7178f37ejw1emyk4wmjhsj208z065aad.jpg
7178f37ejw1emyk4wmjhsj208z065aad-3.jpg
7178f37ejw1emyk4wyfg1j206i06lt9b.jpg
7178f37ejw1emyk4xfxhfj206006s0t6.jpg
7178f37ejw1emyk4xsu0sj208h06nt94.jpg
7178f37ejw1emyk4xsu0sj208h06nt94-3.jpg
7178f37ejw1emyk4yfexpj20hj04tmy1.jpg
7178f37ejw1emyk4yr021j20dc09omy4.jpg
7178f37ejw1emyk4z1nk0j20ip07z0ta.jpg
7178f37ejw1emyk4zds00j20e908igmv.jpg
7178f37ejw1emyk4zpab1j205l062gm1.jpg
7cc829d3gw1ezzfxhu3ekj20gx09cmyf.jpg
a9d3fd1f4134970a78cb432592cad1c8a7865d7b-2.jpg
adaf2edda3cc7cd9839265d23e01213fb80e9179.jpg.gif
archive.php.htm
-author=1.htm
b3fb43166d224f4aecc920190ef790529822d16c-2.jpg
blank.gif
blank-3.gif
-cat=27.htm
chm_about.htm
common.js
d6ca7bcb0a46f21f67ea0f58f1246b600d33aedb.jpg.gif
dash.gif
detect.gif
doubleleft.gif
doubleright.gif
email.gif
error.html
FgKu20kvFqHrkgpjbQxXkV1DmrG1.png
FlPgjSEeYky4OEsdWokPlzTnQVln.png
Fq-FM_N-zrlVEm-_7RS291Afo8dW.png
guestbook.php.htm
guestbook.php-page=1.htm
homepage.gif
index.htm
index.php.htm
index.php-go=archive&cm=10&cy=2016.htm
index.php-go=archive&cm=8&cy=2016.htm
index.php-go=archive&cm=9&cy=2015.htm
index.php-go=archive&cm=9&cy=2016.htm
index.php-go=archive&cm=9&cy=2017.htm
index.php-go=category_1&mode=1&page=1.htm
index.php-go=category_1&mode=2&page=1.htm
index.php-go=category_1.htm
index.php-go=category_10&mode=1&page=1.htm
index.php-go=category_10&mode=2&page=1.htm
index.php-go=category_10.htm
index.php-go=category_11.htm
index.php-go=category_12&mode=1&page=1.htm
index.php-go=category_12&mode=2&page=1.htm
index.php-go=category_12&mode=2&page=2.htm
index.php-go=category_12&mode=2&page=3.htm
index.php-go=category_12&mode=2&page=4.htm
index.php-go=category_12&mode=2&page=5.htm
index.php-go=category_12&mode=2&page=6.htm
index.php-go=category_12&mode=2&page=7.htm
index.php-go=category_12.htm
index.php-go=category_13&mode=1&page=1.htm
index.php-go=category_13&mode=2&page=1.htm
index.php-go=category_13&mode=2&page=2.htm
index.php-go=category_13&mode=2&page=3.htm
index.php-go=category_13&mode=2&page=4.htm
index.php-go=category_13&mode=2&page=5.htm
index.php-go=category_13.htm
index.php-go=category_14&mode=1&page=1.htm
index.php-go=category_14&mode=2&page=1.htm
index.php-go=category_14&mode=2&page=2.htm
index.php-go=category_14.htm
index.php-go=category_15&mode=1&page=1.htm
index.php-go=category_15&mode=2&page=1.htm
index.php-go=category_15&mode=2&page=2.htm
index.php-go=category_15&mode=2&page=3.htm
index.php-go=category_15.htm
index.php-go=category_18&mode=1&page=1.htm
index.php-go=category_18&mode=2&page=1.htm
index.php-go=category_18.htm
index.php-go=category_19&mode=1&page=1.htm
index.php-go=category_19&mode=2&page=1.htm
index.php-go=category_19.htm
index.php-go=category_2&mode=1&page=1.htm
index.php-go=category_2&mode=2&page=1.htm
index.php-go=category_2&mode=2&page=10.htm
index.php-go=category_2&mode=2&page=2.htm
index.php-go=category_2&mode=2&page=3.htm
index.php-go=category_2&mode=2&page=4.htm
index.php-go=category_2&mode=2&page=40.htm
index.php-go=category_2&mode=2&page=5.htm
index.php-go=category_2&mode=2&page=6.htm
index.php-go=category_2&mode=2&page=7.htm
index.php-go=category_2&mode=2&page=8.htm
index.php-go=category_2&mode=2&page=9.htm
index.php-go=category_2.htm
index.php-go=category_20&mode=1&page=1.htm
index.php-go=category_20&mode=2&page=1.htm
index.php-go=category_20&mode=2&page=2.htm
index.php-go=category_20&mode=2&page=3.htm
index.php-go=category_20&mode=2&page=4.htm
index.php-go=category_20&mode=2&page=5.htm
index.php-go=category_20.htm
index.php-go=category_23&mode=1&page=1.htm
index.php-go=category_23&mode=2&page=1.htm
index.php-go=category_23.htm
index.php-go=category_24&mode=1&page=1.htm
index.php-go=category_24&mode=2&page=1.htm
index.php-go=category_24.htm
index.php-go=category_26&mode=1&page=1.htm
index.php-go=category_26&mode=2&page=1.htm
index.php-go=category_26.htm
index.php-go=category_27&mode=1&page=1.htm
index.php-go=category_27&mode=2&page=1.htm
index.php-go=category_27.htm
index.php-go=category_28&mode=1&page=1.htm
index.php-go=category_28&mode=2&page=1.htm
index.php-go=category_28.htm
index.php-go=category_29&mode=1&page=1.htm
index.php-go=category_29&mode=2&page=1.htm
index.php-go=category_29.htm
index.php-go=category_3&mode=1&page=1.htm
index.php-go=category_3&mode=2&page=1.htm
index.php-go=category_3&mode=2&page=2.htm
index.php-go=category_3&mode=2&page=3.htm
index.php-go=category_3&mode=2&page=4.htm
index.php-go=category_3&mode=2&page=5.htm
index.php-go=category_3.htm
index.php-go=category_31&mode=1&page=1.htm
index.php-go=category_31&mode=2&page=1.htm
index.php-go=category_31.htm
index.php-go=category_32&mode=1&page=1.htm
index.php-go=category_32&mode=2&page=1.htm
index.php-go=category_32.htm
index.php-go=category_35&mode=1&page=1.htm
index.php-go=category_35&mode=2&page=1.htm
index.php-go=category_35&mode=2&page=2.htm
index.php-go=category_35.htm
index.php-go=category_36&mode=1&page=1.htm
index.php-go=category_36&mode=2&page=1.htm
index.php-go=category_36&mode=2&page=2.htm
index.php-go=category_36.htm
index.php-go=category_37&mode=1&page=1.htm
index.php-go=category_37&mode=2&page=1.htm
index.php-go=category_37&mode=2&page=2.htm
index.php-go=category_37&mode=2&page=3.htm
index.php-go=category_37&mode=2&page=4.htm
index.php-go=category_37&mode=2&page=5.htm
index.php-go=category_37.htm
index.php-go=category_38&mode=1&page=1.htm
